  PlayerCameraComponent.cpp
  CameraManager.cpp
  PlayerSoundComponent.cpp
  ParticleComponent.cpp
  ParticleEmitterComponent.cpp
  SoundComponent.cpp
  AnimationManager.cpp
  AnimationComponent.cpp
  CollidablePhysicsComponent.cpp
  CollidableComponent.cpp
  HeartEntity.cpp
  LazerEntity.cpp
  ObstacleEntity.cpp
  PlayerMovementComponent.cpp
  PlayerEntity.cpp
  GameBoard.cpp
  RenderComponent.cpp
  Component.cpp
  main.cpp
  GameEngineMain.cpp
  Compiling...
  TextureManager.cpp
  SpriteRenderComponent.cpp
  Generating code
  1091 of 1103 functions (98.9%) were compiled, the rest were copied from previous compilation.
    20 functions were new in current compilation
    0 functions had inline decision re-evaluated but remain unchanged
  Finished generating code
  UbiGame.vcxproj -> C:\Users\Adithya Venkatarao\Documents\GitHub\Archery-Portal\x64\Release\UbiGame.exe
  C:\Users\Adithya Venkatarao\Documents\GitHub\Archery-Portal\UbiGame\Resources\img\bg.png
  C:\Users\Adithya Venkatarao\Documents\GitHub\Archery-Portal\UbiGame\Resources\img\blue.png
  C:\Users\Adithya Venkatarao\Documents\GitHub\Archery-Portal\UbiGame\Resources\img\BLUE100GOOD.png
  C:\Users\Adithya Venkatarao\Documents\GitHub\Archery-Portal\UbiGame\Resources\img\blueheart.png
  C:\Users\Adithya Venkatarao\Documents\GitHub\Archery-Portal\UbiGame\Resources\img\Flappy.png
  C:\Users\Adithya Venkatarao\Documents\GitHub\Archery-Portal\UbiGame\Resources\img\lazer.png
  C:\Users\Adithya Venkatarao\Documents\GitHub\Archery-Portal\UbiGame\Resources\img\lazer2.png
  C:\Users\Adithya Venkatarao\Documents\GitHub\Archery-Portal\UbiGame\Resources\img\lazer3.png
  C:\Users\Adithya Venkatarao\Documents\GitHub\Archery-Portal\UbiGame\Resources\img\particles.png
  C:\Users\Adithya Venkatarao\Documents\GitHub\Archery-Portal\UbiGame\Resources\img\player.png
  C:\Users\Adithya Venkatarao\Documents\GitHub\Archery-Portal\UbiGame\Resources\img\player1win.png
  C:\Users\Adithya Venkatarao\Documents\GitHub\Archery-Portal\UbiGame\Resources\img\player2win.png
  C:\Users\Adithya Venkatarao\Documents\GitHub\Archery-Portal\UbiGame\Resources\img\red.png
  C:\Users\Adithya Venkatarao\Documents\GitHub\Archery-Portal\UbiGame\Resources\img\RED100GOOD.png
  C:\Users\Adithya Venkatarao\Documents\GitHub\Archery-Portal\UbiGame\Resources\img\redheart.png
  C:\Users\Adithya Venkatarao\Documents\GitHub\Archery-Portal\UbiGame\Resources\img\tileset.png
  C:\Users\Adithya Venkatarao\Documents\GitHub\Archery-Portal\UbiGame\Resources\snd\glassBreak.wav
  C:\Users\Adithya Venkatarao\Documents\GitHub\Archery-Portal\UbiGame\Resources\snd\thunder.wav
  18 File(s) copied
