c:\users\adithya venkatarao\documents\github\archery-portal\ubigame\x64\release\vc141.pdb
c:\users\adithya venkatarao\documents\github\archery-portal\ubigame\x64\release\component.obj
c:\users\adithya venkatarao\documents\github\archery-portal\ubigame\x64\release\soundmanager.obj
c:\users\adithya venkatarao\documents\github\archery-portal\ubigame\x64\release\collisionmanager.obj
c:\users\adithya venkatarao\documents\github\archery-portal\ubigame\x64\release\collidablecomponent.obj
c:\users\adithya venkatarao\documents\github\archery-portal\ubigame\x64\release\soundcomponent.obj
c:\users\adithya venkatarao\documents\github\archery-portal\ubigame\x64\release\cameramanager.obj
c:\users\adithya venkatarao\documents\github\archery-portal\ubigame\x64\release\entity.obj
c:\users\adithya venkatarao\documents\github\archery-portal\ubigame\x64\release\gameenginemain.obj
c:\users\adithya venkatarao\documents\github\archery-portal\ubigame\x64\release\main.obj
c:\users\adithya venkatarao\documents\github\archery-portal\ubigame\x64\release\rendercomponent.obj
c:\users\adithya venkatarao\documents\github\archery-portal\ubigame\x64\release\gameboard.obj
c:\users\adithya venkatarao\documents\github\archery-portal\ubigame\x64\release\playerentity.obj
c:\users\adithya venkatarao\documents\github\archery-portal\ubigame\x64\release\playermovementcomponent.obj
c:\users\adithya venkatarao\documents\github\archery-portal\ubigame\x64\release\obstacleentity.obj
c:\users\adithya venkatarao\documents\github\archery-portal\ubigame\x64\release\lazerentity.obj
c:\users\adithya venkatarao\documents\github\archery-portal\ubigame\x64\release\heartentity.obj
c:\users\adithya venkatarao\documents\github\archery-portal\ubigame\x64\release\collidablephysicscomponent.obj
c:\users\adithya venkatarao\documents\github\archery-portal\ubigame\x64\release\animationcomponent.obj
c:\users\adithya venkatarao\documents\github\archery-portal\ubigame\x64\release\animationmanager.obj
c:\users\adithya venkatarao\documents\github\archery-portal\ubigame\x64\release\particleemittercomponent.obj
c:\users\adithya venkatarao\documents\github\archery-portal\ubigame\x64\release\particlecomponent.obj
c:\users\adithya venkatarao\documents\github\archery-portal\ubigame\x64\release\playersoundcomponent.obj
c:\users\adithya venkatarao\documents\github\archery-portal\ubigame\x64\release\playercameracomponent.obj
c:\users\adithya venkatarao\documents\github\archery-portal\ubigame\x64\release\spriterendercomponent.obj
c:\users\adithya venkatarao\documents\github\archery-portal\ubigame\x64\release\texturemanager.obj
c:\users\adithya venkatarao\documents\github\archery-portal\x64\release\ubigame.ipdb
c:\users\adithya venkatarao\documents\github\archery-portal\x64\release\ubigame.iobj
c:\users\adithya venkatarao\documents\github\archery-portal\x64\release\ubigame.pdb
c:\users\adithya venkatarao\documents\github\archery-portal\ubigame\x64\release\ubigame.tlog\cl.command.1.tlog
c:\users\adithya venkatarao\documents\github\archery-portal\ubigame\x64\release\ubigame.tlog\cl.read.1.tlog
c:\users\adithya venkatarao\documents\github\archery-portal\ubigame\x64\release\ubigame.tlog\cl.write.1.tlog
c:\users\adithya venkatarao\documents\github\archery-portal\ubigame\x64\release\ubigame.tlog\link.command.1.tlog
c:\users\adithya venkatarao\documents\github\archery-portal\ubigame\x64\release\ubigame.tlog\link.read.1.tlog
c:\users\adithya venkatarao\documents\github\archery-portal\ubigame\x64\release\ubigame.tlog\link.write.1.tlog
c:\users\adithya venkatarao\documents\github\archery-portal\ubigame\x64\release\ubigame.tlog\ubigame.write.1u.tlog
